{"/Users/jeffersonmourak/projects/farmersedge/Questions/7-weatherApp/src/constants.js": {"path":"/Users/jeffersonmourak/projects/farmersedge/Questions/7-weatherApp/src/constants.js","statementMap":{"0":{"start":{"line":1,"column":16},"end":{"line":18,"column":1}}},"fnMap":{},"branchMap":{},"s":{"0":2},"f":{},"b":{},"_coverageSchema":"332fd63041d2c1bcb487cc26dd0d5f7d97098a6c","hash":"00836d8bdc061cb4aa0ae2d8d2372c7934105483"}
,"/Users/jeffersonmourak/projects/farmersedge/Questions/7-weatherApp/src/index.js": {"path":"/Users/jeffersonmourak/projects/farmersedge/Questions/7-weatherApp/src/index.js","statementMap":{"0":{"start":{"line":1,"column":0},"end":{"line":null,"column":-1}},"1":{"start":{"line":2,"column":0},"end":{"line":null,"column":-1}},"2":{"start":{"line":3,"column":0},"end":{"line":null,"column":-1}},"3":{"start":{"line":5,"column":0},"end":{"line":null,"column":-1}},"4":{"start":{"line":6,"column":0},"end":{"line":null,"column":-1}},"5":{"start":{"line":7,"column":0},"end":{"line":null,"column":-1}},"6":{"start":{"line":9,"column":0},"end":{"line":null,"column":-1}},"7":{"start":{"line":10,"column":0},"end":{"line":null,"column":-1}},"8":{"start":{"line":12,"column":0},"end":{"line":null,"column":-1}},"9":{"start":{"line":14,"column":0},"end":{"line":null,"column":-1}},"10":{"start":{"line":16,"column":0},"end":{"line":null,"column":-1}},"11":{"start":{"line":18,"column":12},"end":{"line":18,"column":0}},"12":{"start":{"line":19,"column":4},"end":{"line":18,"column":0}},"13":{"start":{"line":30,"column":0},"end":{"line":null,"column":-1}}},"fnMap":{"0":{"name":"(anonymous_0)","decl":{"start":{"line":18,"column":12},"end":{"line":19,"column":3}},"loc":{"start":{"line":19,"column":4},"end":{"line":18,"column":0}}}},"branchMap":{},"s":{"0":0,"1":0,"2":0,"3":0,"4":0,"5":0,"6":0,"7":0,"8":0,"9":0,"10":0,"11":0,"12":0,"13":0},"f":{"0":0},"b":{}}
,"/Users/jeffersonmourak/projects/farmersedge/Questions/7-weatherApp/src/Actions/SearchCity.actions.js": {"path":"/Users/jeffersonmourak/projects/farmersedge/Questions/7-weatherApp/src/Actions/SearchCity.actions.js","statementMap":{"0":{"start":{"line":3,"column":19},"end":{"line":6,"column":2}},"1":{"start":{"line":3,"column":31},"end":{"line":6,"column":1}},"2":{"start":{"line":8,"column":14},"end":{"line":10,"column":2}},"3":{"start":{"line":8,"column":21},"end":{"line":10,"column":1}},"4":{"start":{"line":12,"column":18},"end":{"line":14,"column":2}},"5":{"start":{"line":12,"column":25},"end":{"line":14,"column":1}},"6":{"start":{"line":16,"column":19},"end":{"line":19,"column":2}},"7":{"start":{"line":16,"column":31},"end":{"line":19,"column":1}},"8":{"start":{"line":21,"column":20},"end":{"line":24,"column":2}},"9":{"start":{"line":21,"column":32},"end":{"line":24,"column":1}}},"fnMap":{"0":{"name":"(anonymous_0)","decl":{"start":{"line":3,"column":19},"end":{"line":3,"column":20}},"loc":{"start":{"line":3,"column":31},"end":{"line":6,"column":1}},"line":3},"1":{"name":"(anonymous_1)","decl":{"start":{"line":8,"column":14},"end":{"line":8,"column":15}},"loc":{"start":{"line":8,"column":21},"end":{"line":10,"column":1}},"line":8},"2":{"name":"(anonymous_2)","decl":{"start":{"line":12,"column":18},"end":{"line":12,"column":19}},"loc":{"start":{"line":12,"column":25},"end":{"line":14,"column":1}},"line":12},"3":{"name":"(anonymous_3)","decl":{"start":{"line":16,"column":19},"end":{"line":16,"column":20}},"loc":{"start":{"line":16,"column":31},"end":{"line":19,"column":1}},"line":16},"4":{"name":"(anonymous_4)","decl":{"start":{"line":21,"column":20},"end":{"line":21,"column":21}},"loc":{"start":{"line":21,"column":32},"end":{"line":24,"column":1}},"line":21}},"branchMap":{},"s":{"0":1,"1":1,"2":1,"3":1,"4":1,"5":1,"6":1,"7":1,"8":1,"9":1},"f":{"0":1,"1":1,"2":1,"3":1,"4":1},"b":{},"_coverageSchema":"332fd63041d2c1bcb487cc26dd0d5f7d97098a6c","hash":"6fb0bf64ac935f99039c3cb8ca807536650d1a97"}
,"/Users/jeffersonmourak/projects/farmersedge/Questions/7-weatherApp/src/Actions/Weather.actions.js": {"path":"/Users/jeffersonmourak/projects/farmersedge/Questions/7-weatherApp/src/Actions/Weather.actions.js","statementMap":{"0":{"start":{"line":3,"column":15},"end":{"line":6,"column":2}},"1":{"start":{"line":3,"column":27},"end":{"line":6,"column":1}},"2":{"start":{"line":8,"column":17},"end":{"line":10,"column":2}},"3":{"start":{"line":8,"column":24},"end":{"line":10,"column":1}},"4":{"start":{"line":12,"column":14},"end":{"line":14,"column":2}},"5":{"start":{"line":12,"column":21},"end":{"line":14,"column":1}}},"fnMap":{"0":{"name":"(anonymous_0)","decl":{"start":{"line":3,"column":15},"end":{"line":3,"column":16}},"loc":{"start":{"line":3,"column":27},"end":{"line":6,"column":1}},"line":3},"1":{"name":"(anonymous_1)","decl":{"start":{"line":8,"column":17},"end":{"line":8,"column":18}},"loc":{"start":{"line":8,"column":24},"end":{"line":10,"column":1}},"line":8},"2":{"name":"(anonymous_2)","decl":{"start":{"line":12,"column":14},"end":{"line":12,"column":15}},"loc":{"start":{"line":12,"column":21},"end":{"line":14,"column":1}},"line":12}},"branchMap":{},"s":{"0":1,"1":1,"2":1,"3":1,"4":1,"5":1},"f":{"0":1,"1":1,"2":1},"b":{},"_coverageSchema":"332fd63041d2c1bcb487cc26dd0d5f7d97098a6c","hash":"6883600aa82a62525728c2d35c68f6f8c8c4604f"}
,"/Users/jeffersonmourak/projects/farmersedge/Questions/7-weatherApp/src/Api/Api.js": {"path":"/Users/jeffersonmourak/projects/farmersedge/Questions/7-weatherApp/src/Api/Api.js","statementMap":{"0":{"start":{"line":3,"column":8},"end":{"line":3,"column":57}},"1":{"start":{"line":4,"column":8},"end":{"line":4,"column":65}},"2":{"start":{"line":5,"column":8},"end":{"line":5,"column":27}},"3":{"start":{"line":7,"column":8},"end":{"line":12,"column":9}},"4":{"start":{"line":16,"column":8},"end":{"line":16,"column":88}},"5":{"start":{"line":16,"column":54},"end":{"line":16,"column":82}},"6":{"start":{"line":20,"column":22},"end":{"line":22,"column":9}},"7":{"start":{"line":24,"column":18},"end":{"line":24,"column":69}},"8":{"start":{"line":26,"column":8},"end":{"line":30,"column":9}},"9":{"start":{"line":27,"column":12},"end":{"line":27,"column":48}},"10":{"start":{"line":28,"column":15},"end":{"line":30,"column":9}},"11":{"start":{"line":29,"column":12},"end":{"line":29,"column":48}},"12":{"start":{"line":32,"column":8},"end":{"line":35,"column":9}},"13":{"start":{"line":39,"column":8},"end":{"line":54,"column":11}},"14":{"start":{"line":40,"column":12},"end":{"line":53,"column":13}},"15":{"start":{"line":41,"column":31},"end":{"line":41,"column":72}},"16":{"start":{"line":43,"column":16},"end":{"line":50,"column":17}},"17":{"start":{"line":44,"column":20},"end":{"line":44,"column":45}},"18":{"start":{"line":46,"column":20},"end":{"line":49,"column":23}},"19":{"start":{"line":52,"column":16},"end":{"line":52,"column":26}},"20":{"start":{"line":58,"column":24},"end":{"line":58,"column":93}},"21":{"start":{"line":60,"column":8},"end":{"line":60,"column":44}},"22":{"start":{"line":64,"column":24},"end":{"line":64,"column":94}},"23":{"start":{"line":66,"column":8},"end":{"line":66,"column":44}}},"fnMap":{"0":{"name":"(anonymous_0)","decl":{"start":{"line":2,"column":4},"end":{"line":2,"column":5}},"loc":{"start":{"line":2,"column":18},"end":{"line":13,"column":5}},"line":2},"1":{"name":"(anonymous_1)","decl":{"start":{"line":15,"column":4},"end":{"line":15,"column":5}},"loc":{"start":{"line":15,"column":28},"end":{"line":17,"column":5}},"line":15},"2":{"name":"(anonymous_2)","decl":{"start":{"line":16,"column":40},"end":{"line":16,"column":41}},"loc":{"start":{"line":16,"column":54},"end":{"line":16,"column":82}},"line":16},"3":{"name":"(anonymous_3)","decl":{"start":{"line":19,"column":4},"end":{"line":19,"column":5}},"loc":{"start":{"line":19,"column":50},"end":{"line":36,"column":5}},"line":19},"4":{"name":"(anonymous_4)","decl":{"start":{"line":38,"column":4},"end":{"line":38,"column":5}},"loc":{"start":{"line":38,"column":28},"end":{"line":55,"column":5}},"line":38},"5":{"name":"(anonymous_5)","decl":{"start":{"line":39,"column":27},"end":{"line":39,"column":28}},"loc":{"start":{"line":39,"column":54},"end":{"line":54,"column":9}},"line":39},"6":{"name":"(anonymous_6)","decl":{"start":{"line":57,"column":4},"end":{"line":57,"column":5}},"loc":{"start":{"line":57,"column":19},"end":{"line":61,"column":5}},"line":57},"7":{"name":"(anonymous_7)","decl":{"start":{"line":63,"column":4},"end":{"line":63,"column":5}},"loc":{"start":{"line":63,"column":20},"end":{"line":67,"column":5}},"line":63}},"branchMap":{"0":{"loc":{"start":{"line":19,"column":39},"end":{"line":19,"column":48}},"type":"default-arg","locations":[{"start":{"line":19,"column":46},"end":{"line":19,"column":48}}],"line":19},"1":{"loc":{"start":{"line":26,"column":8},"end":{"line":30,"column":9}},"type":"if","locations":[{"start":{"line":26,"column":8},"end":{"line":30,"column":9}},{"start":{"line":26,"column":8},"end":{"line":30,"column":9}}],"line":26},"2":{"loc":{"start":{"line":28,"column":15},"end":{"line":30,"column":9}},"type":"if","locations":[{"start":{"line":28,"column":15},"end":{"line":30,"column":9}},{"start":{"line":28,"column":15},"end":{"line":30,"column":9}}],"line":28},"3":{"loc":{"start":{"line":43,"column":16},"end":{"line":50,"column":17}},"type":"if","locations":[{"start":{"line":43,"column":16},"end":{"line":50,"column":17}},{"start":{"line":43,"column":16},"end":{"line":50,"column":17}}],"line":43},"4":{"loc":{"start":{"line":57,"column":8},"end":{"line":57,"column":17}},"type":"default-arg","locations":[{"start":{"line":57,"column":15},"end":{"line":57,"column":17}}],"line":57},"5":{"loc":{"start":{"line":63,"column":9},"end":{"line":63,"column":18}},"type":"default-arg","locations":[{"start":{"line":63,"column":16},"end":{"line":63,"column":18}}],"line":63}},"s":{"0":9,"1":9,"2":9,"3":9,"4":3,"5":3,"6":4,"7":4,"8":4,"9":2,"10":2,"11":2,"12":4,"13":1,"14":1,"15":1,"16":0,"17":0,"18":0,"19":0,"20":1,"21":1,"22":1,"23":1},"f":{"0":9,"1":3,"2":3,"3":4,"4":1,"5":1,"6":1,"7":1},"b":{"0":[0],"1":[2,2],"2":[2,0],"3":[0,0],"4":[1],"5":[1]},"_coverageSchema":"332fd63041d2c1bcb487cc26dd0d5f7d97098a6c","hash":"e46eb061f2bca331058d386217d02ed319b0c5c4"}
,"/Users/jeffersonmourak/projects/farmersedge/Questions/7-weatherApp/src/Api/Cities.api.js": {"path":"/Users/jeffersonmourak/projects/farmersedge/Questions/7-weatherApp/src/Api/Cities.api.js","statementMap":{"0":{"start":{"line":1,"column":0},"end":{"line":null,"column":-1}},"1":{"start":{"line":2,"column":0},"end":{"line":null,"column":-1}},"2":{"start":{"line":6,"column":4},"end":{"line":null,"column":-1}},"3":{"start":{"line":8,"column":4},"end":{"line":null,"column":-1}},"4":{"start":{"line":9,"column":4},"end":{"line":null,"column":-1}},"5":{"start":{"line":13,"column":20},"end":{"line":13,"column":4}},"6":{"start":{"line":15,"column":4},"end":{"line":null,"column":-1}},"7":{"start":{"line":16,"column":26},"end":{"line":15,"column":11}}},"fnMap":{"0":{"name":"(anonymous_0)","decl":{"start":{"line":5,"column":2},"end":{"line":5,"column":12}},"loc":{"start":{"line":5,"column":16},"end":{"line":10,"column":3}}},"1":{"name":"(anonymous_1)","decl":{"start":{"line":12,"column":2},"end":{"line":12,"column":7}},"loc":{"start":{"line":12,"column":12},"end":{"line":17,"column":3}}},"2":{"name":"(anonymous_2)","decl":{"start":{"line":16,"column":12},"end":{"line":16,"column":21}},"loc":{"start":{"line":16,"column":26},"end":{"line":15,"column":11}}}},"branchMap":{},"s":{"0":0,"1":0,"2":0,"3":0,"4":0,"5":0,"6":0,"7":0},"f":{"0":0,"1":0,"2":0},"b":{}}
,"/Users/jeffersonmourak/projects/farmersedge/Questions/7-weatherApp/src/Api/Forecast.api.js": {"path":"/Users/jeffersonmourak/projects/farmersedge/Questions/7-weatherApp/src/Api/Forecast.api.js","statementMap":{"0":{"start":{"line":1,"column":0},"end":{"line":null,"column":-1}},"1":{"start":{"line":2,"column":0},"end":{"line":null,"column":-1}},"2":{"start":{"line":5,"column":4},"end":{"line":null,"column":-1}},"3":{"start":{"line":7,"column":4},"end":{"line":null,"column":-1}},"4":{"start":{"line":11,"column":15},"end":{"line":11,"column":4}},"5":{"start":{"line":13,"column":20},"end":{"line":13,"column":4}},"6":{"start":{"line":15,"column":4},"end":{"line":null,"column":-1}},"7":{"start":{"line":16,"column":24},"end":{"line":15,"column":11}}},"fnMap":{"0":{"name":"(anonymous_0)","decl":{"start":{"line":4,"column":2},"end":{"line":4,"column":12}},"loc":{"start":{"line":4,"column":16},"end":{"line":8,"column":3}}},"1":{"name":"(anonymous_1)","decl":{"start":{"line":10,"column":2},"end":{"line":10,"column":4}},"loc":{"start":{"line":10,"column":12},"end":{"line":17,"column":3}}},"2":{"name":"(anonymous_2)","decl":{"start":{"line":16,"column":12},"end":{"line":16,"column":19}},"loc":{"start":{"line":16,"column":24},"end":{"line":15,"column":11}}}},"branchMap":{},"s":{"0":0,"1":0,"2":0,"3":0,"4":0,"5":0,"6":0,"7":0},"f":{"0":0,"1":0,"2":0},"b":{}}
,"/Users/jeffersonmourak/projects/farmersedge/Questions/7-weatherApp/src/Api/Weather.api.js": {"path":"/Users/jeffersonmourak/projects/farmersedge/Questions/7-weatherApp/src/Api/Weather.api.js","statementMap":{"0":{"start":{"line":1,"column":0},"end":{"line":null,"column":-1}},"1":{"start":{"line":2,"column":0},"end":{"line":null,"column":-1}},"2":{"start":{"line":5,"column":4},"end":{"line":null,"column":-1}},"3":{"start":{"line":7,"column":4},"end":{"line":null,"column":-1}},"4":{"start":{"line":11,"column":15},"end":{"line":11,"column":4}},"5":{"start":{"line":13,"column":20},"end":{"line":13,"column":4}},"6":{"start":{"line":15,"column":4},"end":{"line":null,"column":-1}},"7":{"start":{"line":16,"column":24},"end":{"line":15,"column":11}}},"fnMap":{"0":{"name":"(anonymous_0)","decl":{"start":{"line":4,"column":2},"end":{"line":4,"column":12}},"loc":{"start":{"line":4,"column":16},"end":{"line":8,"column":3}}},"1":{"name":"(anonymous_1)","decl":{"start":{"line":10,"column":2},"end":{"line":10,"column":4}},"loc":{"start":{"line":10,"column":12},"end":{"line":17,"column":3}}},"2":{"name":"(anonymous_2)","decl":{"start":{"line":16,"column":12},"end":{"line":16,"column":19}},"loc":{"start":{"line":16,"column":24},"end":{"line":15,"column":11}}}},"branchMap":{},"s":{"0":0,"1":0,"2":0,"3":0,"4":0,"5":0,"6":0,"7":0},"f":{"0":0,"1":0,"2":0},"b":{}}
,"/Users/jeffersonmourak/projects/farmersedge/Questions/7-weatherApp/src/Components/AutoComplete/Option.js": {"path":"/Users/jeffersonmourak/projects/farmersedge/Questions/7-weatherApp/src/Components/AutoComplete/Option.js","statementMap":{"0":{"start":{"line":1,"column":0},"end":{"line":null,"column":-1}},"1":{"start":{"line":2,"column":0},"end":{"line":null,"column":-1}},"2":{"start":{"line":5,"column":25},"end":{"line":null,"column":-1}}},"fnMap":{"0":{"name":"(anonymous_1)","decl":{"start":{"line":5,"column":17},"end":{"line":5,"column":22}},"loc":{"start":{"line":5,"column":23},"end":{"line":5,"column":2}}}},"branchMap":{"0":{"loc":{"start":{"line":5,"column":76},"end":{"line":5,"column":73}},"type":"cond-expr","locations":[{"start":{"line":5,"column":76},"end":{"line":5,"column":73}},{"start":{"line":5,"column":87},"end":{"line":5,"column":91}}]},"1":{"loc":{"start":{"line":6,"column":25},"end":{"line":6,"column":8}},"type":"cond-expr","locations":[{"start":{"line":6,"column":25},"end":{"line":6,"column":8}},{"start":{"line":6,"column":32},"end":{"line":5,"column":2}}]}},"s":{"0":0,"1":0,"2":0},"f":{"0":0},"b":{"0":[0,0],"1":[0,0]}}
,"/Users/jeffersonmourak/projects/farmersedge/Questions/7-weatherApp/src/Components/AutoComplete/index.js": {"path":"/Users/jeffersonmourak/projects/farmersedge/Questions/7-weatherApp/src/Components/AutoComplete/index.js","statementMap":{"0":{"start":{"line":1,"column":0},"end":{"line":null,"column":-1}},"1":{"start":{"line":2,"column":0},"end":{"line":null,"column":-1}},"2":{"start":{"line":3,"column":0},"end":{"line":null,"column":-1}},"3":{"start":{"line":5,"column":0},"end":{"line":null,"column":-1}},"4":{"start":{"line":7,"column":0},"end":{"line":null,"column":-1}},"5":{"start":{"line":9,"column":37},"end":{"line":null,"column":-1}},"6":{"start":{"line":26,"column":29},"end":{"line":9,"column":37}},"7":{"start":{"line":29,"column":4},"end":{"line":null,"column":-1}},"8":{"start":{"line":33,"column":4},"end":{"line":null,"column":-1}},"9":{"start":{"line":37,"column":4},"end":{"line":39,"column":5}},"10":{"start":{"line":38,"column":6},"end":{"line":null,"column":-1}},"11":{"start":{"line":43,"column":17},"end":{"line":43,"column":4}},"12":{"start":{"line":44,"column":6},"end":{"line":43,"column":4}},"13":{"start":{"line":49,"column":4},"end":{"line":null,"column":-1}},"14":{"start":{"line":53,"column":4},"end":{"line":null,"column":-1}},"15":{"start":{"line":54,"column":27},"end":{"line":null,"column":-1}},"16":{"start":{"line":55,"column":32},"end":{"line":null,"column":-1}},"17":{"start":{"line":58,"column":32},"end":{"line":55,"column":8}}},"fnMap":{"0":{"name":"(anonymous_0)","decl":{"start":{"line":9,"column":37},"end":{"line":null,"column":-1}},"loc":{"start":{"line":9,"column":37},"end":{"line":null,"column":-1}}},"1":{"name":"(anonymous_1)","decl":{"start":{"line":26,"column":20},"end":{"line":26,"column":24}},"loc":{"start":{"line":26,"column":29},"end":{"line":9,"column":37}}},"2":{"name":"(anonymous_2)","decl":{"start":{"line":28,"column":2},"end":{"line":28,"column":18}},"loc":{"start":{"line":28,"column":22},"end":{"line":30,"column":3}}},"3":{"name":"(anonymous_3)","decl":{"start":{"line":32,"column":2},"end":{"line":32,"column":21}},"loc":{"start":{"line":32,"column":25},"end":{"line":34,"column":3}}},"4":{"name":"(anonymous_4)","decl":{"start":{"line":36,"column":2},"end":{"line":36,"column":19}},"loc":{"start":{"line":36,"column":28},"end":{"line":40,"column":3}}},"5":{"name":"(anonymous_5)","decl":{"start":{"line":42,"column":2},"end":{"line":42,"column":14}},"loc":{"start":{"line":42,"column":18},"end":{"line":50,"column":3}}},"6":{"name":"(anonymous_6)","decl":{"start":{"line":43,"column":17},"end":{"line":43,"column":18}},"loc":{"start":{"line":44,"column":6},"end":{"line":43,"column":4}}},"7":{"name":"(anonymous_7)","decl":{"start":{"line":52,"column":2},"end":{"line":52,"column":7}},"loc":{"start":{"line":52,"column":11},"end":{"line":73,"column":3}}},"8":{"name":"(anonymous_8)","decl":{"start":{"line":54,"column":17},"end":{"line":54,"column":20}},"loc":{"start":{"line":54,"column":25},"end":{"line":54,"column":6}}},"9":{"name":"(anonymous_9)","decl":{"start":{"line":55,"column":21},"end":{"line":55,"column":25}},"loc":{"start":{"line":55,"column":30},"end":{"line":55,"column":8}}},"10":{"name":"(anonymous_10)","decl":{"start":{"line":58,"column":26},"end":{"line":58,"column":31}},"loc":{"start":{"line":58,"column":32},"end":{"line":55,"column":8}}},"11":{"name":"(anonymous_11)","decl":{"start":{"line":13,"column":13},"end":{"line":13,"column":18}},"loc":{"start":{"line":13,"column":19},"end":{"line":10,"column":24}}},"12":{"name":"(anonymous_12)","decl":{"start":{"line":14,"column":12},"end":{"line":14,"column":17}},"loc":{"start":{"line":14,"column":18},"end":{"line":14,"column":20}}}},"branchMap":{"0":{"loc":{"start":{"line":37,"column":4},"end":{"line":39,"column":5}},"type":"if","locations":[{"start":{"line":37,"column":4},"end":{"line":39,"column":5}},{"start":{"line":37,"column":4},"end":{"line":39,"column":5}}]},"1":{"loc":{"start":{"line":60,"column":24},"end":{"line":60,"column":23}},"type":"binary-expr","locations":[{"start":{"line":60,"column":24},"end":{"line":60,"column":23}},{"start":{"line":60,"column":57},"end":{"line":60,"column":8}}]}},"s":{"0":0,"1":0,"2":0,"3":0,"4":0,"5":0,"6":0,"7":0,"8":0,"9":0,"10":0,"11":0,"12":0,"13":0,"14":0,"15":0,"16":0,"17":0},"f":{"0":0,"1":0,"2":0,"3":0,"4":0,"5":0,"6":0,"7":0,"8":0,"9":0,"10":0,"11":0,"12":0},"b":{"0":[0,0],"1":[0,0]}}
,"/Users/jeffersonmourak/projects/farmersedge/Questions/7-weatherApp/src/Components/Day/index.js": {"path":"/Users/jeffersonmourak/projects/farmersedge/Questions/7-weatherApp/src/Components/Day/index.js","statementMap":{"0":{"start":{"line":1,"column":0},"end":{"line":null,"column":-1}},"1":{"start":{"line":2,"column":0},"end":{"line":null,"column":-1}},"2":{"start":{"line":3,"column":0},"end":{"line":null,"column":-1}},"3":{"start":{"line":4,"column":0},"end":{"line":null,"column":-1}},"4":{"start":{"line":5,"column":0},"end":{"line":null,"column":-1}},"5":{"start":{"line":6,"column":0},"end":{"line":null,"column":-1}},"6":{"start":{"line":8,"column":0},"end":{"line":null,"column":-1}},"7":{"start":{"line":10,"column":12},"end":{"line":10,"column":0}},"8":{"start":{"line":11,"column":2},"end":{"line":10,"column":0}},"9":{"start":{"line":35,"column":0},"end":{"line":null,"column":-1}}},"fnMap":{"0":{"name":"(anonymous_0)","decl":{"start":{"line":10,"column":12},"end":{"line":10,"column":13}},"loc":{"start":{"line":11,"column":2},"end":{"line":10,"column":0}}}},"branchMap":{},"s":{"0":0,"1":0,"2":0,"3":0,"4":0,"5":0,"6":0,"7":0,"8":0,"9":0},"f":{"0":0},"b":{}}
,"/Users/jeffersonmourak/projects/farmersedge/Questions/7-weatherApp/src/Components/Header/index.js": {"path":"/Users/jeffersonmourak/projects/farmersedge/Questions/7-weatherApp/src/Components/Header/index.js","statementMap":{"0":{"start":{"line":1,"column":0},"end":{"line":null,"column":-1}},"1":{"start":{"line":3,"column":0},"end":{"line":null,"column":-1}},"2":{"start":{"line":5,"column":0},"end":{"line":null,"column":-1}},"3":{"start":{"line":7,"column":23},"end":{"line":7,"column":0}},"4":{"start":{"line":8,"column":4},"end":{"line":null,"column":-1}},"5":{"start":{"line":13,"column":39},"end":{"line":13,"column":8}}},"fnMap":{"0":{"name":"(anonymous_0)","decl":{"start":{"line":7,"column":23},"end":{"line":7,"column":24}},"loc":{"start":{"line":7,"column":42},"end":{"line":7,"column":0}}},"1":{"name":"(anonymous_2)","decl":{"start":{"line":13,"column":31},"end":{"line":13,"column":34}},"loc":{"start":{"line":13,"column":39},"end":{"line":13,"column":8}}}},"branchMap":{},"s":{"0":0,"1":0,"2":0,"3":0,"4":0,"5":0},"f":{"0":0,"1":0},"b":{}}
,"/Users/jeffersonmourak/projects/farmersedge/Questions/7-weatherApp/src/Components/Icon/index.js": {"path":"/Users/jeffersonmourak/projects/farmersedge/Questions/7-weatherApp/src/Components/Icon/index.js","statementMap":{"0":{"start":{"line":1,"column":0},"end":{"line":null,"column":-1}},"1":{"start":{"line":2,"column":0},"end":{"line":null,"column":-1}}},"fnMap":{},"branchMap":{"0":{"loc":{"start":{"line":4,"column":29},"end":{"line":4,"column":16}},"type":"default-arg","locations":[{"start":{"line":4,"column":29},"end":{"line":4,"column":16}}]},"1":{"loc":{"start":{"line":4,"column":42},"end":{"line":4,"column":16}},"type":"default-arg","locations":[{"start":{"line":4,"column":42},"end":{"line":4,"column":16}}]},"2":{"loc":{"start":{"line":6,"column":4},"end":{"line":5,"column":4}},"type":"cond-expr","locations":[{"start":{"line":6,"column":4},"end":{"line":5,"column":4}}]}},"s":{"0":0,"1":0},"f":{},"b":{"0":[0],"1":[0],"2":[0]}}
,"/Users/jeffersonmourak/projects/farmersedge/Questions/7-weatherApp/src/Components/If/index.js": {"path":"/Users/jeffersonmourak/projects/farmersedge/Questions/7-weatherApp/src/Components/If/index.js","statementMap":{"0":{"start":{"line":1,"column":0},"end":{"line":null,"column":-1}}},"fnMap":{},"branchMap":{"0":{"loc":{"start":{"line":4,"column":20},"end":{"line":4,"column":2}},"type":"cond-expr","locations":[{"start":{"line":4,"column":20},"end":{"line":4,"column":2}}]}},"s":{"0":0},"f":{},"b":{"0":[0]}}
,"/Users/jeffersonmourak/projects/farmersedge/Questions/7-weatherApp/src/Components/Loading/index.js": {"path":"/Users/jeffersonmourak/projects/farmersedge/Questions/7-weatherApp/src/Components/Loading/index.js","statementMap":{"0":{"start":{"line":1,"column":0},"end":{"line":null,"column":-1}},"1":{"start":{"line":2,"column":0},"end":{"line":null,"column":-1}},"2":{"start":{"line":3,"column":0},"end":{"line":null,"column":-1}},"3":{"start":{"line":5,"column":0},"end":{"line":null,"column":-1}}},"fnMap":{},"branchMap":{},"s":{"0":0,"1":0,"2":0,"3":0},"f":{},"b":{}}
,"/Users/jeffersonmourak/projects/farmersedge/Questions/7-weatherApp/src/Components/NotFound/index.js": {"path":"/Users/jeffersonmourak/projects/farmersedge/Questions/7-weatherApp/src/Components/NotFound/index.js","statementMap":{"0":{"start":{"line":1,"column":0},"end":{"line":null,"column":-1}}},"fnMap":{},"branchMap":{},"s":{"0":0},"f":{},"b":{}}
,"/Users/jeffersonmourak/projects/farmersedge/Questions/7-weatherApp/src/Components/SearchCity/index.js": {"path":"/Users/jeffersonmourak/projects/farmersedge/Questions/7-weatherApp/src/Components/SearchCity/index.js","statementMap":{"0":{"start":{"line":1,"column":0},"end":{"line":null,"column":-1}},"1":{"start":{"line":2,"column":0},"end":{"line":null,"column":-1}},"2":{"start":{"line":3,"column":0},"end":{"line":null,"column":-1}},"3":{"start":{"line":4,"column":0},"end":{"line":null,"column":-1}},"4":{"start":{"line":5,"column":0},"end":{"line":null,"column":-1}},"5":{"start":{"line":6,"column":0},"end":{"line":null,"column":-1}},"6":{"start":{"line":7,"column":0},"end":{"line":null,"column":-1}},"7":{"start":{"line":9,"column":0},"end":{"line":null,"column":-1}},"8":{"start":{"line":18,"column":4},"end":{"line":27,"column":5}},"9":{"start":{"line":19,"column":6},"end":{"line":24,"column":7}},"10":{"start":{"line":20,"column":8},"end":{"line":null,"column":-1}},"11":{"start":{"line":23,"column":8},"end":{"line":null,"column":-1}},"12":{"start":{"line":26,"column":6},"end":{"line":null,"column":-1}},"13":{"start":{"line":31,"column":4},"end":{"line":null,"column":-1}},"14":{"start":{"line":32,"column":4},"end":{"line":null,"column":-1}},"15":{"start":{"line":36,"column":19},"end":{"line":36,"column":4}},"16":{"start":{"line":36,"column":37},"end":{"line":36,"column":19}},"17":{"start":{"line":38,"column":4},"end":{"line":null,"column":-1}},"18":{"start":{"line":40,"column":4},"end":{"line":null,"column":-1}},"19":{"start":{"line":44,"column":4},"end":{"line":null,"column":-1}},"20":{"start":{"line":45,"column":40},"end":{"line":45,"column":6}},"21":{"start":{"line":46,"column":44},"end":{"line":45,"column":6}},"22":{"start":{"line":56,"column":24},"end":{"line":56,"column":0}},"23":{"start":{"line":56,"column":34},"end":{"line":56,"column":29}}},"fnMap":{"0":{"name":"(anonymous_0)","decl":{"start":{"line":17,"column":2},"end":{"line":17,"column":7}},"loc":{"start":{"line":17,"column":29},"end":{"line":28,"column":3}}},"1":{"name":"(anonymous_1)","decl":{"start":{"line":30,"column":2},"end":{"line":30,"column":14}},"loc":{"start":{"line":30,"column":27},"end":{"line":33,"column":3}}},"2":{"name":"(anonymous_2)","decl":{"start":{"line":35,"column":2},"end":{"line":35,"column":9}},"loc":{"start":{"line":35,"column":18},"end":{"line":41,"column":3}}},"3":{"name":"(anonymous_3)","decl":{"start":{"line":36,"column":28},"end":{"line":36,"column":32}},"loc":{"start":{"line":36,"column":37},"end":{"line":36,"column":19}}},"4":{"name":"(anonymous_4)","decl":{"start":{"line":43,"column":2},"end":{"line":43,"column":7}},"loc":{"start":{"line":43,"column":11},"end":{"line":53,"column":3}}},"5":{"name":"(anonymous_5)","decl":{"start":{"line":45,"column":31},"end":{"line":45,"column":35}},"loc":{"start":{"line":45,"column":40},"end":{"line":45,"column":6}}},"6":{"name":"(anonymous_6)","decl":{"start":{"line":46,"column":31},"end":{"line":46,"column":39}},"loc":{"start":{"line":46,"column":44},"end":{"line":45,"column":6}}},"7":{"name":"(anonymous_7)","decl":{"start":{"line":56,"column":24},"end":{"line":56,"column":28}},"loc":{"start":{"line":56,"column":34},"end":{"line":56,"column":29}}}},"branchMap":{"0":{"loc":{"start":{"line":18,"column":4},"end":{"line":27,"column":5}},"type":"if","locations":[{"start":{"line":18,"column":4},"end":{"line":27,"column":5}},{"start":{"line":18,"column":4},"end":{"line":27,"column":5}}]}},"s":{"0":0,"1":0,"2":0,"3":0,"4":0,"5":0,"6":0,"7":0,"8":0,"9":0,"10":0,"11":0,"12":0,"13":0,"14":0,"15":0,"16":0,"17":0,"18":0,"19":0,"20":0,"21":0,"22":0,"23":0},"f":{"0":0,"1":0,"2":0,"3":0,"4":0,"5":0,"6":0,"7":0},"b":{"0":[0,0]}}
,"/Users/jeffersonmourak/projects/farmersedge/Questions/7-weatherApp/src/Components/Weather/index.js": {"path":"/Users/jeffersonmourak/projects/farmersedge/Questions/7-weatherApp/src/Components/Weather/index.js","statementMap":{"0":{"start":{"line":1,"column":0},"end":{"line":null,"column":-1}},"1":{"start":{"line":2,"column":0},"end":{"line":null,"column":-1}},"2":{"start":{"line":4,"column":0},"end":{"line":null,"column":-1}},"3":{"start":{"line":5,"column":0},"end":{"line":null,"column":-1}},"4":{"start":{"line":6,"column":0},"end":{"line":null,"column":-1}},"5":{"start":{"line":8,"column":0},"end":{"line":null,"column":-1}},"6":{"start":{"line":10,"column":18},"end":{"line":10,"column":0}},"7":{"start":{"line":11,"column":2},"end":{"line":10,"column":0}},"8":{"start":{"line":16,"column":22},"end":{"line":16,"column":0}},"9":{"start":{"line":16,"column":30},"end":{"line":16,"column":0}},"10":{"start":{"line":17,"column":17},"end":{"line":17,"column":0}},"11":{"start":{"line":17,"column":32},"end":{"line":17,"column":0}},"12":{"start":{"line":19,"column":14},"end":{"line":19,"column":0}},"13":{"start":{"line":20,"column":2},"end":{"line":19,"column":0}}},"fnMap":{"0":{"name":"(anonymous_0)","decl":{"start":{"line":10,"column":18},"end":{"line":10,"column":19}},"loc":{"start":{"line":11,"column":2},"end":{"line":10,"column":0}}},"1":{"name":"(anonymous_1)","decl":{"start":{"line":16,"column":22},"end":{"line":16,"column":25}},"loc":{"start":{"line":16,"column":30},"end":{"line":16,"column":0}}},"2":{"name":"(anonymous_2)","decl":{"start":{"line":17,"column":17},"end":{"line":17,"column":27}},"loc":{"start":{"line":17,"column":32},"end":{"line":17,"column":0}}},"3":{"name":"(anonymous_3)","decl":{"start":{"line":19,"column":14},"end":{"line":19,"column":15}},"loc":{"start":{"line":20,"column":2},"end":{"line":19,"column":0}}}},"branchMap":{"0":{"loc":{"start":{"line":17,"column":51},"end":{"line":17,"column":32}},"type":"cond-expr","locations":[{"start":{"line":17,"column":51},"end":{"line":17,"column":32}},{"start":{"line":17,"column":60},"end":{"line":17,"column":0}}]}},"s":{"0":0,"1":0,"2":0,"3":0,"4":0,"5":0,"6":0,"7":0,"8":0,"9":0,"10":0,"11":0,"12":0,"13":0},"f":{"0":0,"1":0,"2":0,"3":0},"b":{"0":[0,0]}}
,"/Users/jeffersonmourak/projects/farmersedge/Questions/7-weatherApp/src/Components/WeatherChart/customTooltip.js": {"path":"/Users/jeffersonmourak/projects/farmersedge/Questions/7-weatherApp/src/Components/WeatherChart/customTooltip.js","statementMap":{"0":{"start":{"line":4,"column":4},"end":{"line":6,"column":5}},"1":{"start":{"line":5,"column":6},"end":{"line":null,"column":-1}},"2":{"start":{"line":10,"column":21},"end":{"line":10,"column":4}},"3":{"start":{"line":18,"column":4},"end":{"line":null,"column":-1}},"4":{"start":{"line":22,"column":4},"end":{"line":null,"column":-1}},"5":{"start":{"line":24,"column":4},"end":{"line":null,"column":-1}},"6":{"start":{"line":24,"column":55},"end":{"line":null,"column":-1}},"7":{"start":{"line":26,"column":4},"end":{"line":null,"column":-1}},"8":{"start":{"line":30,"column":22},"end":{"line":30,"column":4}},"9":{"start":{"line":31,"column":33},"end":{"line":29,"column":41}},"10":{"start":{"line":33,"column":18},"end":{"line":33,"column":4}},"11":{"start":{"line":43,"column":4},"end":{"line":null,"column":-1}},"12":{"start":{"line":47,"column":4},"end":{"line":50,"column":5}},"13":{"start":{"line":48,"column":6},"end":{"line":48,"column":24}},"14":{"start":{"line":48,"column":24},"end":{"line":null,"column":-1}},"15":{"start":{"line":49,"column":6},"end":{"line":null,"column":-1}},"16":{"start":{"line":52,"column":4},"end":{"line":null,"column":-1}},"17":{"start":{"line":53,"column":4},"end":{"line":null,"column":-1}},"18":{"start":{"line":54,"column":6},"end":{"line":null,"column":-1}},"19":{"start":{"line":55,"column":6},"end":{"line":null,"column":-1}},"20":{"start":{"line":56,"column":6},"end":{"line":null,"column":-1}},"21":{"start":{"line":57,"column":6},"end":{"line":null,"column":-1}},"22":{"start":{"line":59,"column":4},"end":{"line":null,"column":-1}},"23":{"start":{"line":63,"column":2},"end":{"line":null,"column":-1}}},"fnMap":{"0":{"name":"createTooltipAt","decl":{"start":{"line":3,"column":11},"end":{"line":3,"column":2}},"loc":{"start":{"line":3,"column":41},"end":{"line":7,"column":3}}},"1":{"name":"createNewTooltip","decl":{"start":{"line":9,"column":11},"end":{"line":9,"column":2}},"loc":{"start":{"line":9,"column":43},"end":{"line":19,"column":3}}},"2":{"name":"beforeRender","decl":{"start":{"line":21,"column":11},"end":{"line":21,"column":2}},"loc":{"start":{"line":21,"column":31},"end":{"line":27,"column":3}}},"3":{"name":"(anonymous_4)","decl":{"start":{"line":24,"column":39},"end":{"line":24,"column":40}},"loc":{"start":{"line":24,"column":53},"end":{"line":24,"column":4}}},"4":{"name":"tooltipOverrideStyle","decl":{"start":{"line":29,"column":11},"end":{"line":29,"column":2}},"loc":{"start":{"line":29,"column":41},"end":{"line":44,"column":3}}},"5":{"name":"afterDraw","decl":{"start":{"line":46,"column":11},"end":{"line":46,"column":2}},"loc":{"start":{"line":46,"column":36},"end":{"line":60,"column":3}}},"6":{"name":"(anonymous_7)","decl":{"start":{"line":53,"column":46},"end":{"line":53,"column":44}},"loc":{"start":{"line":53,"column":58},"end":{"line":53,"column":4}}}},"branchMap":{"0":{"loc":{"start":{"line":47,"column":4},"end":{"line":50,"column":5}},"type":"if","locations":[{"start":{"line":47,"column":4},"end":{"line":50,"column":5}},{"start":{"line":47,"column":4},"end":{"line":50,"column":5}}]},"1":{"loc":{"start":{"line":48,"column":6},"end":{"line":48,"column":24}},"type":"if","locations":[{"start":{"line":48,"column":6},"end":{"line":48,"column":24}},{"start":{"line":48,"column":6},"end":{"line":48,"column":24}}]}},"s":{"0":0,"1":0,"2":0,"3":0,"4":0,"5":0,"6":0,"7":0,"8":0,"9":0,"10":0,"11":0,"12":0,"13":0,"14":0,"15":0,"16":0,"17":0,"18":0,"19":0,"20":0,"21":0,"22":0,"23":0},"f":{"0":0,"1":0,"2":0,"3":0,"4":0,"5":0,"6":0},"b":{"0":[0,0],"1":[0,0]}}
,"/Users/jeffersonmourak/projects/farmersedge/Questions/7-weatherApp/src/Components/WeatherChart/index.js": {"path":"/Users/jeffersonmourak/projects/farmersedge/Questions/7-weatherApp/src/Components/WeatherChart/index.js","statementMap":{"0":{"start":{"line":1,"column":0},"end":{"line":null,"column":-1}},"1":{"start":{"line":2,"column":0},"end":{"line":null,"column":-1}},"2":{"start":{"line":3,"column":0},"end":{"line":null,"column":-1}},"3":{"start":{"line":4,"column":0},"end":{"line":null,"column":-1}},"4":{"start":{"line":6,"column":0},"end":{"line":null,"column":-1}},"5":{"start":{"line":11,"column":4},"end":{"line":null,"column":-1}},"6":{"start":{"line":13,"column":4},"end":{"line":null,"column":-1}},"7":{"start":{"line":27,"column":41},"end":{"line":null,"column":-1}},"8":{"start":{"line":31,"column":16},"end":{"line":31,"column":4}},"9":{"start":{"line":33,"column":4},"end":{"line":null,"column":-1}},"10":{"start":{"line":37,"column":16},"end":{"line":37,"column":4}},"11":{"start":{"line":39,"column":4},"end":{"line":null,"column":-1}},"12":{"start":{"line":43,"column":4},"end":{"line":null,"column":-1}},"13":{"start":{"line":53,"column":18},"end":{"line":53,"column":4}},"14":{"start":{"line":62,"column":18},"end":{"line":62,"column":4}},"15":{"start":{"line":74,"column":4},"end":{"line":null,"column":-1}},"16":{"start":{"line":81,"column":6},"end":{"line":null,"column":-1}},"17":{"start":{"line":98,"column":4},"end":{"line":null,"column":-1}},"18":{"start":{"line":100,"column":8},"end":{"line":null,"column":-1}},"19":{"start":{"line":103,"column":8},"end":{"line":null,"column":-1}},"20":{"start":{"line":108,"column":20},"end":{"line":108,"column":4}},"21":{"start":{"line":109,"column":17},"end":{"line":109,"column":4}},"22":{"start":{"line":110,"column":18},"end":{"line":110,"column":4}},"23":{"start":{"line":112,"column":4},"end":{"line":null,"column":-1}},"24":{"start":{"line":123,"column":4},"end":{"line":null,"column":-1}},"25":{"start":{"line":125,"column":4},"end":{"line":null,"column":-1}},"26":{"start":{"line":133,"column":2},"end":{"line":null,"column":-1}},"27":{"start":{"line":136,"column":36},"end":{"line":null,"column":-1}}},"fnMap":{"0":{"name":"(anonymous_0)","decl":{"start":{"line":10,"column":2},"end":{"line":10,"column":12}},"loc":{"start":{"line":10,"column":21},"end":{"line":14,"column":3}}},"1":{"name":"(anonymous_1)","decl":{"start":{"line":27,"column":2},"end":{"line":27,"column":19}},"loc":{"start":{"line":27,"column":41},"end":{"line":34,"column":3}}},"2":{"name":"(anonymous_2)","decl":{"start":{"line":36,"column":2},"end":{"line":36,"column":19}},"loc":{"start":{"line":36,"column":41},"end":{"line":40,"column":3}}},"3":{"name":"(anonymous_3)","decl":{"start":{"line":42,"column":2},"end":{"line":42,"column":14}},"loc":{"start":{"line":42,"column":18},"end":{"line":50,"column":3}}},"4":{"name":"(anonymous_4)","decl":{"start":{"line":52,"column":2},"end":{"line":52,"column":12}},"loc":{"start":{"line":52,"column":24},"end":{"line":78,"column":3}}},"5":{"name":"(anonymous_5)","decl":{"start":{"line":80,"column":2},"end":{"line":80,"column":14}},"loc":{"start":{"line":80,"column":26},"end":{"line":95,"column":3}}},"6":{"name":"(anonymous_6)","decl":{"start":{"line":97,"column":2},"end":{"line":97,"column":11}},"loc":{"start":{"line":97,"column":19},"end":{"line":105,"column":3}}},"7":{"name":"(anonymous_7)","decl":{"start":{"line":107,"column":2},"end":{"line":107,"column":10}},"loc":{"start":{"line":107,"column":20},"end":{"line":120,"column":3}}},"8":{"name":"(anonymous_8)","decl":{"start":{"line":122,"column":2},"end":{"line":122,"column":18}},"loc":{"start":{"line":122,"column":22},"end":{"line":130,"column":3}}},"9":{"name":"(anonymous_9)","decl":{"start":{"line":132,"column":1},"end":{"line":132,"column":6}},"loc":{"start":{"line":132,"column":10},"end":{"line":140,"column":2}}},"10":{"name":"(anonymous_10)","decl":{"start":{"line":136,"column":24},"end":{"line":136,"column":29}},"loc":{"start":{"line":136,"column":34},"end":{"line":136,"column":10}}}},"branchMap":{"0":{"loc":{"start":{"line":33,"column":37},"end":{"line":33,"column":11}},"type":"cond-expr","locations":[{"start":{"line":33,"column":37},"end":{"line":33,"column":11}},{"start":{"line":33,"column":78},"end":{"line":33,"column":4}}]},"1":{"loc":{"start":{"line":39,"column":36},"end":{"line":39,"column":11}},"type":"cond-expr","locations":[{"start":{"line":39,"column":36},"end":{"line":39,"column":11}},{"start":{"line":39,"column":44},"end":{"line":39,"column":4}}]},"2":{"loc":{"start":{"line":99,"column":6},"end":{"line":100,"column":8}},"type":"switch","locations":[{"start":{"line":99,"column":6},"end":{"line":100,"column":8}},{"start":{"line":102,"column":6},"end":{"line":103,"column":8}}]},"3":{"loc":{"start":{"line":110,"column":66},"end":{"line":110,"column":34}},"type":"cond-expr","locations":[{"start":{"line":110,"column":66},"end":{"line":110,"column":34}},{"start":{"line":110,"column":75},"end":{"line":110,"column":18}}]}},"s":{"0":0,"1":0,"2":0,"3":0,"4":0,"5":0,"6":0,"7":0,"8":0,"9":0,"10":0,"11":0,"12":0,"13":0,"14":0,"15":0,"16":0,"17":0,"18":0,"19":0,"20":0,"21":0,"22":0,"23":0,"24":0,"25":0,"26":0,"27":0},"f":{"0":0,"1":0,"2":0,"3":0,"4":0,"5":0,"6":0,"7":0,"8":0,"9":0,"10":0},"b":{"0":[0,0],"1":[0,0],"2":[0,0],"3":[0,0]}}
,"/Users/jeffersonmourak/projects/farmersedge/Questions/7-weatherApp/src/Helpers/city.helper.js": {"path":"/Users/jeffersonmourak/projects/farmersedge/Questions/7-weatherApp/src/Helpers/city.helper.js","statementMap":{"0":{"start":{"line":1,"column":0},"end":{"line":null,"column":-1}},"1":{"start":{"line":3,"column":20},"end":{"line":3,"column":0}},"2":{"start":{"line":3,"column":29},"end":{"line":3,"column":24}},"3":{"start":{"line":9,"column":27},"end":{"line":9,"column":0}},"4":{"start":{"line":9,"column":35},"end":{"line":9,"column":0}},"5":{"start":{"line":9,"column":56},"end":{"line":9,"column":35}}},"fnMap":{"0":{"name":"(anonymous_0)","decl":{"start":{"line":3,"column":20},"end":{"line":3,"column":23}},"loc":{"start":{"line":3,"column":29},"end":{"line":3,"column":24}}},"1":{"name":"(anonymous_1)","decl":{"start":{"line":9,"column":27},"end":{"line":9,"column":30}},"loc":{"start":{"line":9,"column":35},"end":{"line":9,"column":0}}},"2":{"name":"(anonymous_2)","decl":{"start":{"line":9,"column":48},"end":{"line":9,"column":51}},"loc":{"start":{"line":9,"column":56},"end":{"line":9,"column":35}}}},"branchMap":{},"s":{"0":0,"1":0,"2":0,"3":0,"4":0,"5":0},"f":{"0":0,"1":0,"2":0},"b":{}}
,"/Users/jeffersonmourak/projects/farmersedge/Questions/7-weatherApp/src/Helpers/date.helper.js": {"path":"/Users/jeffersonmourak/projects/farmersedge/Questions/7-weatherApp/src/Helpers/date.helper.js","statementMap":{"0":{"start":{"line":1,"column":0},"end":{"line":null,"column":-1}},"1":{"start":{"line":2,"column":0},"end":{"line":null,"column":-1}},"2":{"start":{"line":4,"column":24},"end":{"line":4,"column":0}},"3":{"start":{"line":5,"column":19},"end":{"line":5,"column":0}},"4":{"start":{"line":6,"column":25},"end":{"line":6,"column":0}},"5":{"start":{"line":7,"column":19},"end":{"line":7,"column":0}},"6":{"start":{"line":8,"column":30},"end":{"line":8,"column":0}},"7":{"start":{"line":10,"column":18},"end":{"line":10,"column":0}},"8":{"start":{"line":18,"column":26},"end":{"line":18,"column":0}},"9":{"start":{"line":18,"column":38},"end":{"line":18,"column":0}},"10":{"start":{"line":19,"column":16},"end":{"line":19,"column":0}},"11":{"start":{"line":19,"column":24},"end":{"line":19,"column":0}},"12":{"start":{"line":20,"column":16},"end":{"line":20,"column":0}},"13":{"start":{"line":20,"column":24},"end":{"line":20,"column":0}},"14":{"start":{"line":21,"column":21},"end":{"line":21,"column":0}},"15":{"start":{"line":21,"column":29},"end":{"line":21,"column":0}},"16":{"start":{"line":22,"column":25},"end":{"line":22,"column":0}},"17":{"start":{"line":22,"column":33},"end":{"line":22,"column":0}},"18":{"start":{"line":23,"column":17},"end":{"line":23,"column":0}},"19":{"start":{"line":23,"column":23},"end":{"line":23,"column":0}},"20":{"start":{"line":24,"column":16},"end":{"line":24,"column":0}},"21":{"start":{"line":24,"column":24},"end":{"line":24,"column":0}}},"fnMap":{"0":{"name":"(anonymous_0)","decl":{"start":{"line":18,"column":26},"end":{"line":18,"column":32}},"loc":{"start":{"line":18,"column":38},"end":{"line":18,"column":0}}},"1":{"name":"(anonymous_1)","decl":{"start":{"line":19,"column":16},"end":{"line":19,"column":19}},"loc":{"start":{"line":19,"column":24},"end":{"line":19,"column":0}}},"2":{"name":"(anonymous_2)","decl":{"start":{"line":20,"column":16},"end":{"line":20,"column":19}},"loc":{"start":{"line":20,"column":24},"end":{"line":20,"column":0}}},"3":{"name":"(anonymous_3)","decl":{"start":{"line":21,"column":21},"end":{"line":21,"column":24}},"loc":{"start":{"line":21,"column":29},"end":{"line":21,"column":0}}},"4":{"name":"(anonymous_4)","decl":{"start":{"line":22,"column":25},"end":{"line":22,"column":28}},"loc":{"start":{"line":22,"column":33},"end":{"line":22,"column":0}}},"5":{"name":"(anonymous_5)","decl":{"start":{"line":23,"column":17},"end":{"line":23,"column":22}},"loc":{"start":{"line":23,"column":23},"end":{"line":23,"column":0}}},"6":{"name":"(anonymous_6)","decl":{"start":{"line":24,"column":16},"end":{"line":24,"column":19}},"loc":{"start":{"line":24,"column":24},"end":{"line":24,"column":0}}}},"branchMap":{},"s":{"0":0,"1":0,"2":0,"3":0,"4":0,"5":0,"6":0,"7":0,"8":0,"9":0,"10":0,"11":0,"12":0,"13":0,"14":0,"15":0,"16":0,"17":0,"18":0,"19":0,"20":0,"21":0},"f":{"0":0,"1":0,"2":0,"3":0,"4":0,"5":0,"6":0},"b":{}}
,"/Users/jeffersonmourak/projects/farmersedge/Questions/7-weatherApp/src/Helpers/forecast.helper.js": {"path":"/Users/jeffersonmourak/projects/farmersedge/Questions/7-weatherApp/src/Helpers/forecast.helper.js","statementMap":{"0":{"start":{"line":1,"column":0},"end":{"line":null,"column":-1}},"1":{"start":{"line":2,"column":0},"end":{"line":null,"column":-1}},"2":{"start":{"line":4,"column":20},"end":{"line":4,"column":0}},"3":{"start":{"line":4,"column":29},"end":{"line":4,"column":24}},"4":{"start":{"line":15,"column":17},"end":{"line":15,"column":0}},"5":{"start":{"line":15,"column":25},"end":{"line":15,"column":0}},"6":{"start":{"line":15,"column":45},"end":{"line":15,"column":25}},"7":{"start":{"line":18,"column":20},"end":{"line":18,"column":2}},"8":{"start":{"line":25,"column":2},"end":{"line":null,"column":-1}},"9":{"start":{"line":25,"column":22},"end":{"line":25,"column":9}},"10":{"start":{"line":27,"column":70},"end":{"line":27,"column":18}},"11":{"start":{"line":34,"column":2},"end":{"line":null,"column":-1}},"12":{"start":{"line":34,"column":45},"end":{"line":34,"column":23}},"13":{"start":{"line":41,"column":14},"end":{"line":41,"column":2}},"14":{"start":{"line":43,"column":2},"end":{"line":null,"column":-1}},"15":{"start":{"line":43,"column":30},"end":{"line":43,"column":25}}},"fnMap":{"0":{"name":"(anonymous_0)","decl":{"start":{"line":4,"column":20},"end":{"line":4,"column":23}},"loc":{"start":{"line":4,"column":29},"end":{"line":4,"column":24}}},"1":{"name":"(anonymous_1)","decl":{"start":{"line":15,"column":17},"end":{"line":15,"column":20}},"loc":{"start":{"line":15,"column":25},"end":{"line":15,"column":0}}},"2":{"name":"(anonymous_2)","decl":{"start":{"line":15,"column":37},"end":{"line":15,"column":40}},"loc":{"start":{"line":15,"column":45},"end":{"line":15,"column":25}}},"3":{"name":"getDayForecast","decl":{"start":{"line":17,"column":9},"end":{"line":17,"column":0}},"loc":{"start":{"line":17,"column":31},"end":{"line":31,"column":1}}},"4":{"name":"(anonymous_4)","decl":{"start":{"line":25,"column":22},"end":{"line":25,"column":23}},"loc":{"start":{"line":25,"column":22},"end":{"line":25,"column":9}}},"5":{"name":"(anonymous_5)","decl":{"start":{"line":27,"column":59},"end":{"line":27,"column":65}},"loc":{"start":{"line":27,"column":70},"end":{"line":27,"column":18}}},"6":{"name":"createChartFromHours","decl":{"start":{"line":33,"column":9},"end":{"line":33,"column":0}},"loc":{"start":{"line":33,"column":37},"end":{"line":38,"column":1}}},"7":{"name":"(anonymous_7)","decl":{"start":{"line":34,"column":23},"end":{"line":34,"column":24}},"loc":{"start":{"line":34,"column":45},"end":{"line":34,"column":23}}},"8":{"name":"createDayData","decl":{"start":{"line":40,"column":9},"end":{"line":40,"column":0}},"loc":{"start":{"line":40,"column":30},"end":{"line":44,"column":1}}},"9":{"name":"(anonymous_9)","decl":{"start":{"line":43,"column":20},"end":{"line":43,"column":24}},"loc":{"start":{"line":43,"column":30},"end":{"line":43,"column":25}}}},"branchMap":{},"s":{"0":0,"1":0,"2":0,"3":0,"4":0,"5":0,"6":0,"7":0,"8":0,"9":0,"10":0,"11":0,"12":0,"13":0,"14":0,"15":0},"f":{"0":0,"1":0,"2":0,"3":0,"4":0,"5":0,"6":0,"7":0,"8":0,"9":0},"b":{}}
,"/Users/jeffersonmourak/projects/farmersedge/Questions/7-weatherApp/src/Helpers/icon.helper.js": {"path":"/Users/jeffersonmourak/projects/farmersedge/Questions/7-weatherApp/src/Helpers/icon.helper.js","statementMap":{"0":{"start":{"line":1,"column":15},"end":{"line":1,"column":0}},"1":{"start":{"line":16,"column":14},"end":{"line":16,"column":0}},"2":{"start":{"line":31,"column":18},"end":{"line":31,"column":0}},"3":{"start":{"line":36,"column":16},"end":{"line":36,"column":0}},"4":{"start":{"line":36,"column":37},"end":{"line":36,"column":0}},"5":{"start":{"line":37,"column":22},"end":{"line":37,"column":0}},"6":{"start":{"line":37,"column":29},"end":{"line":37,"column":0}}},"fnMap":{"0":{"name":"(anonymous_0)","decl":{"start":{"line":36,"column":16},"end":{"line":36,"column":17}},"loc":{"start":{"line":36,"column":37},"end":{"line":36,"column":0}}},"1":{"name":"(anonymous_1)","decl":{"start":{"line":37,"column":22},"end":{"line":37,"column":23}},"loc":{"start":{"line":37,"column":29},"end":{"line":37,"column":0}}}},"branchMap":{"0":{"loc":{"start":{"line":36,"column":28},"end":{"line":36,"column":16}},"type":"default-arg","locations":[{"start":{"line":36,"column":28},"end":{"line":36,"column":16}}]}},"s":{"0":0,"1":0,"2":0,"3":0,"4":0,"5":0,"6":0},"f":{"0":0,"1":0},"b":{"0":[0]}}
,"/Users/jeffersonmourak/projects/farmersedge/Questions/7-weatherApp/src/Helpers/page.helper.js": {"path":"/Users/jeffersonmourak/projects/farmersedge/Questions/7-weatherApp/src/Helpers/page.helper.js","statementMap":{"0":{"start":{"line":1,"column":0},"end":{"line":null,"column":-1}},"1":{"start":{"line":2,"column":0},"end":{"line":null,"column":-1}},"2":{"start":{"line":6,"column":28},"end":{"line":6,"column":4}},"3":{"start":{"line":6,"column":38},"end":{"line":6,"column":33}},"4":{"start":{"line":7,"column":4},"end":{"line":null,"column":-1}}},"fnMap":{"0":{"name":"createPage","decl":{"start":{"line":5,"column":9},"end":{"line":5,"column":0}},"loc":{"start":{"line":5,"column":55},"end":{"line":8,"column":1}}},"1":{"name":"(anonymous_1)","decl":{"start":{"line":6,"column":28},"end":{"line":6,"column":32}},"loc":{"start":{"line":6,"column":38},"end":{"line":6,"column":33}}}},"branchMap":{"0":{"loc":{"start":{"line":5,"column":37},"end":{"line":5,"column":0}},"type":"default-arg","locations":[{"start":{"line":5,"column":37},"end":{"line":5,"column":0}}]},"1":{"loc":{"start":{"line":5,"column":51},"end":{"line":5,"column":0}},"type":"default-arg","locations":[{"start":{"line":5,"column":51},"end":{"line":5,"column":0}}]}},"s":{"0":0,"1":0,"2":0,"3":0,"4":0},"f":{"0":0,"1":0},"b":{"0":[0],"1":[0]}}
,"/Users/jeffersonmourak/projects/farmersedge/Questions/7-weatherApp/src/Helpers/weather.helper.js": {"path":"/Users/jeffersonmourak/projects/farmersedge/Questions/7-weatherApp/src/Helpers/weather.helper.js","statementMap":{"0":{"start":{"line":1,"column":0},"end":{"line":null,"column":-1}},"1":{"start":{"line":3,"column":20},"end":{"line":3,"column":0}},"2":{"start":{"line":3,"column":29},"end":{"line":3,"column":24}}},"fnMap":{"0":{"name":"(anonymous_0)","decl":{"start":{"line":3,"column":20},"end":{"line":3,"column":23}},"loc":{"start":{"line":3,"column":29},"end":{"line":3,"column":24}}}},"branchMap":{},"s":{"0":0,"1":0,"2":0},"f":{"0":0},"b":{}}
,"/Users/jeffersonmourak/projects/farmersedge/Questions/7-weatherApp/src/Pages/Home.page.js": {"path":"/Users/jeffersonmourak/projects/farmersedge/Questions/7-weatherApp/src/Pages/Home.page.js","statementMap":{"0":{"start":{"line":1,"column":0},"end":{"line":null,"column":-1}},"1":{"start":{"line":2,"column":0},"end":{"line":null,"column":-1}},"2":{"start":{"line":3,"column":0},"end":{"line":null,"column":-1}},"3":{"start":{"line":4,"column":0},"end":{"line":null,"column":-1}},"4":{"start":{"line":9,"column":2},"end":{"line":null,"column":-1}},"5":{"start":{"line":13,"column":2},"end":{"line":null,"column":-1}},"6":{"start":{"line":17,"column":54},"end":{"line":17,"column":4}}},"fnMap":{"0":{"name":"(anonymous_0)","decl":{"start":{"line":8,"column":1},"end":{"line":8,"column":12}},"loc":{"start":{"line":8,"column":20},"end":{"line":10,"column":2}}},"1":{"name":"(anonymous_1)","decl":{"start":{"line":12,"column":1},"end":{"line":12,"column":6}},"loc":{"start":{"line":12,"column":10},"end":{"line":20,"column":2}}},"2":{"name":"(anonymous_2)","decl":{"start":{"line":17,"column":46},"end":{"line":17,"column":49}},"loc":{"start":{"line":17,"column":54},"end":{"line":17,"column":4}}}},"branchMap":{},"s":{"0":0,"1":0,"2":0,"3":0,"4":0,"5":0,"6":0},"f":{"0":0,"1":0,"2":0},"b":{}}
,"/Users/jeffersonmourak/projects/farmersedge/Questions/7-weatherApp/src/Pages/Weather.page.js": {"path":"/Users/jeffersonmourak/projects/farmersedge/Questions/7-weatherApp/src/Pages/Weather.page.js","statementMap":{"0":{"start":{"line":1,"column":0},"end":{"line":null,"column":-1}},"1":{"start":{"line":2,"column":0},"end":{"line":null,"column":-1}},"2":{"start":{"line":4,"column":0},"end":{"line":null,"column":-1}},"3":{"start":{"line":5,"column":0},"end":{"line":null,"column":-1}},"4":{"start":{"line":6,"column":0},"end":{"line":null,"column":-1}},"5":{"start":{"line":8,"column":0},"end":{"line":null,"column":-1}},"6":{"start":{"line":9,"column":0},"end":{"line":null,"column":-1}},"7":{"start":{"line":10,"column":0},"end":{"line":null,"column":-1}},"8":{"start":{"line":15,"column":14},"end":{"line":15,"column":4}},"9":{"start":{"line":17,"column":4},"end":{"line":29,"column":5}},"10":{"start":{"line":18,"column":32},"end":{"line":17,"column":8}},"11":{"start":{"line":17,"column":8},"end":{"line":null,"column":-1}},"12":{"start":{"line":20,"column":6},"end":{"line":null,"column":-1}},"13":{"start":{"line":26,"column":6},"end":{"line":28,"column":7}},"14":{"start":{"line":27,"column":8},"end":{"line":null,"column":-1}},"15":{"start":{"line":33,"column":4},"end":{"line":36,"column":5}},"16":{"start":{"line":34,"column":6},"end":{"line":null,"column":-1}},"17":{"start":{"line":35,"column":6},"end":{"line":null,"column":-1}},"18":{"start":{"line":40,"column":4},"end":{"line":null,"column":-1}},"19":{"start":{"line":42,"column":4},"end":{"line":null,"column":-1}},"20":{"start":{"line":46,"column":4},"end":{"line":56,"column":5}},"21":{"start":{"line":47,"column":6},"end":{"line":null,"column":-1}},"22":{"start":{"line":48,"column":11},"end":{"line":56,"column":5}},"23":{"start":{"line":49,"column":6},"end":{"line":null,"column":-1}},"24":{"start":{"line":55,"column":6},"end":{"line":null,"column":-1}}},"fnMap":{"0":{"name":"(anonymous_0)","decl":{"start":{"line":14,"column":2},"end":{"line":14,"column":7}},"loc":{"start":{"line":14,"column":26},"end":{"line":30,"column":3}}},"1":{"name":"(anonymous_1)","decl":{"start":{"line":32,"column":2},"end":{"line":32,"column":19}},"loc":{"start":{"line":32,"column":32},"end":{"line":37,"column":3}}},"2":{"name":"(anonymous_2)","decl":{"start":{"line":39,"column":2},"end":{"line":39,"column":18}},"loc":{"start":{"line":39,"column":22},"end":{"line":43,"column":3}}},"3":{"name":"(anonymous_3)","decl":{"start":{"line":45,"column":2},"end":{"line":45,"column":7}},"loc":{"start":{"line":45,"column":11},"end":{"line":57,"column":3}}}},"branchMap":{"0":{"loc":{"start":{"line":26,"column":6},"end":{"line":28,"column":7}},"type":"if","locations":[{"start":{"line":26,"column":6},"end":{"line":28,"column":7}},{"start":{"line":26,"column":6},"end":{"line":28,"column":7}}]},"1":{"loc":{"start":{"line":33,"column":4},"end":{"line":36,"column":5}},"type":"if","locations":[{"start":{"line":33,"column":4},"end":{"line":36,"column":5}},{"start":{"line":33,"column":4},"end":{"line":36,"column":5}}]},"2":{"loc":{"start":{"line":46,"column":4},"end":{"line":56,"column":5}},"type":"if","locations":[{"start":{"line":46,"column":4},"end":{"line":56,"column":5}},{"start":{"line":46,"column":4},"end":{"line":56,"column":5}}]},"3":{"loc":{"start":{"line":48,"column":11},"end":{"line":56,"column":5}},"type":"if","locations":[{"start":{"line":48,"column":11},"end":{"line":56,"column":5}},{"start":{"line":48,"column":11},"end":{"line":56,"column":5}}]}},"s":{"0":0,"1":0,"2":0,"3":0,"4":0,"5":0,"6":0,"7":0,"8":0,"9":0,"10":0,"11":0,"12":0,"13":0,"14":0,"15":0,"16":0,"17":0,"18":0,"19":0,"20":0,"21":0,"22":0,"23":0,"24":0},"f":{"0":0,"1":0,"2":0,"3":0},"b":{"0":[0,0],"1":[0,0],"2":[0,0],"3":[0,0]}}
,"/Users/jeffersonmourak/projects/farmersedge/Questions/7-weatherApp/src/Reducers/SearchCity.reducer.js": {"path":"/Users/jeffersonmourak/projects/farmersedge/Questions/7-weatherApp/src/Reducers/SearchCity.reducer.js","statementMap":{"0":{"start":{"line":1,"column":0},"end":{"line":null,"column":-1}},"1":{"start":{"line":3,"column":22},"end":{"line":3,"column":0}},"2":{"start":{"line":10,"column":4},"end":{"line":null,"column":-1}},"3":{"start":{"line":12,"column":12},"end":{"line":null,"column":-1}},"4":{"start":{"line":19,"column":12},"end":{"line":null,"column":-1}},"5":{"start":{"line":22,"column":12},"end":{"line":null,"column":-1}},"6":{"start":{"line":28,"column":12},"end":{"line":null,"column":-1}},"7":{"start":{"line":35,"column":12},"end":{"line":null,"column":-1}}},"fnMap":{},"branchMap":{"0":{"loc":{"start":{"line":9,"column":24},"end":{"line":9,"column":15}},"type":"default-arg","locations":[{"start":{"line":9,"column":24},"end":{"line":9,"column":15}}]},"1":{"loc":{"start":{"line":11,"column":8},"end":{"line":12,"column":12}},"type":"switch","locations":[{"start":{"line":11,"column":8},"end":{"line":12,"column":12}},{"start":{"line":18,"column":8},"end":{"line":19,"column":12}},{"start":{"line":21,"column":8},"end":{"line":22,"column":12}},{"start":{"line":27,"column":8},"end":{"line":28,"column":12}},{"start":{"line":34,"column":8},"end":{"line":35,"column":12}}]}},"s":{"0":0,"1":0,"2":0,"3":0,"4":0,"5":0,"6":0,"7":0},"f":{},"b":{"0":[0],"1":[0,0,0,0,0]}}
,"/Users/jeffersonmourak/projects/farmersedge/Questions/7-weatherApp/src/Reducers/Weather.reducer.js": {"path":"/Users/jeffersonmourak/projects/farmersedge/Questions/7-weatherApp/src/Reducers/Weather.reducer.js","statementMap":{"0":{"start":{"line":1,"column":0},"end":{"line":null,"column":-1}},"1":{"start":{"line":3,"column":22},"end":{"line":3,"column":0}},"2":{"start":{"line":11,"column":4},"end":{"line":null,"column":-1}},"3":{"start":{"line":13,"column":12},"end":{"line":null,"column":-1}},"4":{"start":{"line":20,"column":12},"end":{"line":null,"column":-1}},"5":{"start":{"line":26,"column":12},"end":{"line":null,"column":-1}},"6":{"start":{"line":28,"column":12},"end":{"line":null,"column":-1}}},"fnMap":{},"branchMap":{"0":{"loc":{"start":{"line":10,"column":24},"end":{"line":10,"column":15}},"type":"default-arg","locations":[{"start":{"line":10,"column":24},"end":{"line":10,"column":15}}]},"1":{"loc":{"start":{"line":12,"column":8},"end":{"line":13,"column":12}},"type":"switch","locations":[{"start":{"line":12,"column":8},"end":{"line":13,"column":12}},{"start":{"line":19,"column":8},"end":{"line":20,"column":12}},{"start":{"line":25,"column":8},"end":{"line":26,"column":12}},{"start":{"line":27,"column":8},"end":{"line":28,"column":12}}]}},"s":{"0":0,"1":0,"2":0,"3":0,"4":0,"5":0,"6":0},"f":{},"b":{"0":[0],"1":[0,0,0,0]}}
,"/Users/jeffersonmourak/projects/farmersedge/Questions/7-weatherApp/src/Reducers/index.js": {"path":"/Users/jeffersonmourak/projects/farmersedge/Questions/7-weatherApp/src/Reducers/index.js","statementMap":{"0":{"start":{"line":1,"column":0},"end":{"line":null,"column":-1}},"1":{"start":{"line":3,"column":0},"end":{"line":null,"column":-1}},"2":{"start":{"line":4,"column":0},"end":{"line":null,"column":-1}},"3":{"start":{"line":6,"column":17},"end":{"line":6,"column":0}}},"fnMap":{},"branchMap":{},"s":{"0":0,"1":0,"2":0,"3":0},"f":{},"b":{}}
}
