TN:
SF:/Users/jeffersonmourak/projects/farmersedge/Questions/7-weatherApp/src/constants.js
FNF:0
FNH:0
DA:1,2
LF:1
LH:1
BRF:0
BRH:0
end_of_record
TN:
SF:/Users/jeffersonmourak/projects/farmersedge/Questions/7-weatherApp/src/index.js
FN:18,(anonymous_0)
FNF:1
FNH:0
FNDA:0,(anonymous_0)
DA:1,0
DA:2,0
DA:3,0
DA:5,0
DA:6,0
DA:7,0
DA:9,0
DA:10,0
DA:12,0
DA:14,0
DA:16,0
DA:18,0
DA:19,0
DA:30,0
LF:14
LH:0
BRF:0
BRH:0
end_of_record
TN:
SF:/Users/jeffersonmourak/projects/farmersedge/Questions/7-weatherApp/src/Actions/SearchCity.actions.js
FN:3,(anonymous_0)
FN:8,(anonymous_1)
FN:12,(anonymous_2)
FN:16,(anonymous_3)
FN:21,(anonymous_4)
FNF:5
FNH:5
FNDA:1,(anonymous_0)
FNDA:1,(anonymous_1)
FNDA:1,(anonymous_2)
FNDA:1,(anonymous_3)
FNDA:1,(anonymous_4)
DA:3,1
DA:8,1
DA:12,1
DA:16,1
DA:21,1
LF:5
LH:5
BRF:0
BRH:0
end_of_record
TN:
SF:/Users/jeffersonmourak/projects/farmersedge/Questions/7-weatherApp/src/Actions/Weather.actions.js
FN:3,(anonymous_0)
FN:8,(anonymous_1)
FN:12,(anonymous_2)
FNF:3
FNH:3
FNDA:1,(anonymous_0)
FNDA:1,(anonymous_1)
FNDA:1,(anonymous_2)
DA:3,1
DA:8,1
DA:12,1
LF:3
LH:3
BRF:0
BRH:0
end_of_record
TN:
SF:/Users/jeffersonmourak/projects/farmersedge/Questions/7-weatherApp/src/Api/Api.js
FN:2,(anonymous_0)
FN:15,(anonymous_1)
FN:16,(anonymous_2)
FN:19,(anonymous_3)
FN:38,(anonymous_4)
FN:39,(anonymous_5)
FN:57,(anonymous_6)
FN:63,(anonymous_7)
FNF:8
FNH:8
FNDA:9,(anonymous_0)
FNDA:3,(anonymous_1)
FNDA:3,(anonymous_2)
FNDA:4,(anonymous_3)
FNDA:1,(anonymous_4)
FNDA:1,(anonymous_5)
FNDA:1,(anonymous_6)
FNDA:1,(anonymous_7)
DA:3,9
DA:4,9
DA:5,9
DA:7,9
DA:16,3
DA:20,4
DA:24,4
DA:26,4
DA:27,2
DA:28,2
DA:29,2
DA:32,4
DA:39,1
DA:40,1
DA:41,1
DA:43,0
DA:44,0
DA:46,0
DA:52,0
DA:58,1
DA:60,1
DA:64,1
DA:66,1
LF:23
LH:19
BRDA:19,0,0,0
BRDA:26,1,0,2
BRDA:26,1,1,2
BRDA:28,2,0,2
BRDA:28,2,1,0
BRDA:43,3,0,0
BRDA:43,3,1,0
BRDA:57,4,0,1
BRDA:63,5,0,1
BRF:9
BRH:5
end_of_record
TN:
SF:/Users/jeffersonmourak/projects/farmersedge/Questions/7-weatherApp/src/Api/Cities.api.js
FN:5,(anonymous_0)
FN:12,(anonymous_1)
FN:16,(anonymous_2)
FNF:3
FNH:0
FNDA:0,(anonymous_0)
FNDA:0,(anonymous_1)
FNDA:0,(anonymous_2)
DA:1,0
DA:2,0
DA:6,0
DA:8,0
DA:9,0
DA:13,0
DA:15,0
DA:16,0
LF:8
LH:0
BRF:0
BRH:0
end_of_record
TN:
SF:/Users/jeffersonmourak/projects/farmersedge/Questions/7-weatherApp/src/Api/Forecast.api.js
FN:4,(anonymous_0)
FN:10,(anonymous_1)
FN:16,(anonymous_2)
FNF:3
FNH:0
FNDA:0,(anonymous_0)
FNDA:0,(anonymous_1)
FNDA:0,(anonymous_2)
DA:1,0
DA:2,0
DA:5,0
DA:7,0
DA:11,0
DA:13,0
DA:15,0
DA:16,0
LF:8
LH:0
BRF:0
BRH:0
end_of_record
TN:
SF:/Users/jeffersonmourak/projects/farmersedge/Questions/7-weatherApp/src/Api/Weather.api.js
FN:4,(anonymous_0)
FN:10,(anonymous_1)
FN:16,(anonymous_2)
FNF:3
FNH:0
FNDA:0,(anonymous_0)
FNDA:0,(anonymous_1)
FNDA:0,(anonymous_2)
DA:1,0
DA:2,0
DA:5,0
DA:7,0
DA:11,0
DA:13,0
DA:15,0
DA:16,0
LF:8
LH:0
BRF:0
BRH:0
end_of_record
TN:
SF:/Users/jeffersonmourak/projects/farmersedge/Questions/7-weatherApp/src/Components/AutoComplete/Option.js
FN:5,(anonymous_1)
FNF:1
FNH:0
FNDA:0,(anonymous_1)
DA:1,0
DA:2,0
DA:5,0
LF:3
LH:0
BRDA:5,0,0,0
BRDA:5,0,1,0
BRDA:6,1,0,0
BRDA:6,1,1,0
BRF:4
BRH:0
end_of_record
TN:
SF:/Users/jeffersonmourak/projects/farmersedge/Questions/7-weatherApp/src/Components/AutoComplete/index.js
FN:9,(anonymous_0)
FN:26,(anonymous_1)
FN:28,(anonymous_2)
FN:32,(anonymous_3)
FN:36,(anonymous_4)
FN:42,(anonymous_5)
FN:43,(anonymous_6)
FN:52,(anonymous_7)
FN:54,(anonymous_8)
FN:55,(anonymous_9)
FN:58,(anonymous_10)
FN:13,(anonymous_11)
FN:14,(anonymous_12)
FNF:13
FNH:0
FNDA:0,(anonymous_0)
FNDA:0,(anonymous_1)
FNDA:0,(anonymous_2)
FNDA:0,(anonymous_3)
FNDA:0,(anonymous_4)
FNDA:0,(anonymous_5)
FNDA:0,(anonymous_6)
FNDA:0,(anonymous_7)
FNDA:0,(anonymous_8)
FNDA:0,(anonymous_9)
FNDA:0,(anonymous_10)
FNDA:0,(anonymous_11)
FNDA:0,(anonymous_12)
DA:1,0
DA:2,0
DA:3,0
DA:5,0
DA:7,0
DA:9,0
DA:26,0
DA:29,0
DA:33,0
DA:37,0
DA:38,0
DA:43,0
DA:44,0
DA:49,0
DA:53,0
DA:54,0
DA:55,0
DA:58,0
LF:18
LH:0
BRDA:37,0,0,0
BRDA:37,0,1,0
BRDA:60,1,0,0
BRDA:60,1,1,0
BRF:4
BRH:0
end_of_record
TN:
SF:/Users/jeffersonmourak/projects/farmersedge/Questions/7-weatherApp/src/Components/Day/index.js
FN:10,(anonymous_0)
FNF:1
FNH:0
FNDA:0,(anonymous_0)
DA:1,0
DA:2,0
DA:3,0
DA:4,0
DA:5,0
DA:6,0
DA:8,0
DA:10,0
DA:11,0
DA:35,0
LF:10
LH:0
BRF:0
BRH:0
end_of_record
TN:
SF:/Users/jeffersonmourak/projects/farmersedge/Questions/7-weatherApp/src/Components/Header/index.js
FN:7,(anonymous_0)
FN:13,(anonymous_2)
FNF:2
FNH:0
FNDA:0,(anonymous_0)
FNDA:0,(anonymous_2)
DA:1,0
DA:3,0
DA:5,0
DA:7,0
DA:8,0
DA:13,0
LF:6
LH:0
BRF:0
BRH:0
end_of_record
TN:
SF:/Users/jeffersonmourak/projects/farmersedge/Questions/7-weatherApp/src/Components/Icon/index.js
FNF:0
FNH:0
DA:1,0
DA:2,0
LF:2
LH:0
BRDA:4,0,0,0
BRDA:4,1,0,0
BRDA:6,2,0,0
BRF:3
BRH:0
end_of_record
TN:
SF:/Users/jeffersonmourak/projects/farmersedge/Questions/7-weatherApp/src/Components/If/index.js
FNF:0
FNH:0
DA:1,0
LF:1
LH:0
BRDA:4,0,0,0
BRF:1
BRH:0
end_of_record
TN:
SF:/Users/jeffersonmourak/projects/farmersedge/Questions/7-weatherApp/src/Components/Loading/index.js
FNF:0
FNH:0
DA:1,0
DA:2,0
DA:3,0
DA:5,0
LF:4
LH:0
BRF:0
BRH:0
end_of_record
TN:
SF:/Users/jeffersonmourak/projects/farmersedge/Questions/7-weatherApp/src/Components/NotFound/index.js
FNF:0
FNH:0
DA:1,0
LF:1
LH:0
BRF:0
BRH:0
end_of_record
TN:
SF:/Users/jeffersonmourak/projects/farmersedge/Questions/7-weatherApp/src/Components/SearchCity/index.js
FN:17,(anonymous_0)
FN:30,(anonymous_1)
FN:35,(anonymous_2)
FN:36,(anonymous_3)
FN:43,(anonymous_4)
FN:45,(anonymous_5)
FN:46,(anonymous_6)
FN:56,(anonymous_7)
FNF:8
FNH:0
FNDA:0,(anonymous_0)
FNDA:0,(anonymous_1)
FNDA:0,(anonymous_2)
FNDA:0,(anonymous_3)
FNDA:0,(anonymous_4)
FNDA:0,(anonymous_5)
FNDA:0,(anonymous_6)
FNDA:0,(anonymous_7)
DA:1,0
DA:2,0
DA:3,0
DA:4,0
DA:5,0
DA:6,0
DA:7,0
DA:9,0
DA:18,0
DA:19,0
DA:20,0
DA:23,0
DA:26,0
DA:31,0
DA:32,0
DA:36,0
DA:38,0
DA:40,0
DA:44,0
DA:45,0
DA:46,0
DA:56,0
LF:22
LH:0
BRDA:18,0,0,0
BRDA:18,0,1,0
BRF:2
BRH:0
end_of_record
TN:
SF:/Users/jeffersonmourak/projects/farmersedge/Questions/7-weatherApp/src/Components/Weather/index.js
FN:10,(anonymous_0)
FN:16,(anonymous_1)
FN:17,(anonymous_2)
FN:19,(anonymous_3)
FNF:4
FNH:0
FNDA:0,(anonymous_0)
FNDA:0,(anonymous_1)
FNDA:0,(anonymous_2)
FNDA:0,(anonymous_3)
DA:1,0
DA:2,0
DA:4,0
DA:5,0
DA:6,0
DA:8,0
DA:10,0
DA:11,0
DA:16,0
DA:17,0
DA:19,0
DA:20,0
LF:12
LH:0
BRDA:17,0,0,0
BRDA:17,0,1,0
BRF:2
BRH:0
end_of_record
TN:
SF:/Users/jeffersonmourak/projects/farmersedge/Questions/7-weatherApp/src/Components/WeatherChart/customTooltip.js
FN:3,createTooltipAt
FN:9,createNewTooltip
FN:21,beforeRender
FN:24,(anonymous_4)
FN:29,tooltipOverrideStyle
FN:46,afterDraw
FN:53,(anonymous_7)
FNF:7
FNH:0
FNDA:0,createTooltipAt
FNDA:0,createNewTooltip
FNDA:0,beforeRender
FNDA:0,(anonymous_4)
FNDA:0,tooltipOverrideStyle
FNDA:0,afterDraw
FNDA:0,(anonymous_7)
DA:4,0
DA:5,0
DA:10,0
DA:18,0
DA:22,0
DA:24,0
DA:26,0
DA:30,0
DA:31,0
DA:33,0
DA:43,0
DA:47,0
DA:48,0
DA:49,0
DA:52,0
DA:53,0
DA:54,0
DA:55,0
DA:56,0
DA:57,0
DA:59,0
DA:63,0
LF:22
LH:0
BRDA:47,0,0,0
BRDA:47,0,1,0
BRDA:48,1,0,0
BRDA:48,1,1,0
BRF:4
BRH:0
end_of_record
TN:
SF:/Users/jeffersonmourak/projects/farmersedge/Questions/7-weatherApp/src/Components/WeatherChart/index.js
FN:10,(anonymous_0)
FN:27,(anonymous_1)
FN:36,(anonymous_2)
FN:42,(anonymous_3)
FN:52,(anonymous_4)
FN:80,(anonymous_5)
FN:97,(anonymous_6)
FN:107,(anonymous_7)
FN:122,(anonymous_8)
FN:132,(anonymous_9)
FN:136,(anonymous_10)
FNF:11
FNH:0
FNDA:0,(anonymous_0)
FNDA:0,(anonymous_1)
FNDA:0,(anonymous_2)
FNDA:0,(anonymous_3)
FNDA:0,(anonymous_4)
FNDA:0,(anonymous_5)
FNDA:0,(anonymous_6)
FNDA:0,(anonymous_7)
FNDA:0,(anonymous_8)
FNDA:0,(anonymous_9)
FNDA:0,(anonymous_10)
DA:1,0
DA:2,0
DA:3,0
DA:4,0
DA:6,0
DA:11,0
DA:13,0
DA:27,0
DA:31,0
DA:33,0
DA:37,0
DA:39,0
DA:43,0
DA:53,0
DA:62,0
DA:74,0
DA:81,0
DA:98,0
DA:100,0
DA:103,0
DA:108,0
DA:109,0
DA:110,0
DA:112,0
DA:123,0
DA:125,0
DA:133,0
DA:136,0
LF:28
LH:0
BRDA:33,0,0,0
BRDA:33,0,1,0
BRDA:39,1,0,0
BRDA:39,1,1,0
BRDA:99,2,0,0
BRDA:99,2,1,0
BRDA:110,3,0,0
BRDA:110,3,1,0
BRF:8
BRH:0
end_of_record
TN:
SF:/Users/jeffersonmourak/projects/farmersedge/Questions/7-weatherApp/src/Helpers/city.helper.js
FN:3,(anonymous_0)
FN:9,(anonymous_1)
FN:9,(anonymous_2)
FNF:3
FNH:0
FNDA:0,(anonymous_0)
FNDA:0,(anonymous_1)
FNDA:0,(anonymous_2)
DA:1,0
DA:3,0
DA:9,0
LF:3
LH:0
BRF:0
BRH:0
end_of_record
TN:
SF:/Users/jeffersonmourak/projects/farmersedge/Questions/7-weatherApp/src/Helpers/date.helper.js
FN:18,(anonymous_0)
FN:19,(anonymous_1)
FN:20,(anonymous_2)
FN:21,(anonymous_3)
FN:22,(anonymous_4)
FN:23,(anonymous_5)
FN:24,(anonymous_6)
FNF:7
FNH:0
FNDA:0,(anonymous_0)
FNDA:0,(anonymous_1)
FNDA:0,(anonymous_2)
FNDA:0,(anonymous_3)
FNDA:0,(anonymous_4)
FNDA:0,(anonymous_5)
FNDA:0,(anonymous_6)
DA:1,0
DA:2,0
DA:4,0
DA:5,0
DA:6,0
DA:7,0
DA:8,0
DA:10,0
DA:18,0
DA:19,0
DA:20,0
DA:21,0
DA:22,0
DA:23,0
DA:24,0
LF:15
LH:0
BRF:0
BRH:0
end_of_record
TN:
SF:/Users/jeffersonmourak/projects/farmersedge/Questions/7-weatherApp/src/Helpers/forecast.helper.js
FN:4,(anonymous_0)
FN:15,(anonymous_1)
FN:15,(anonymous_2)
FN:17,getDayForecast
FN:25,(anonymous_4)
FN:27,(anonymous_5)
FN:33,createChartFromHours
FN:34,(anonymous_7)
FN:40,createDayData
FN:43,(anonymous_9)
FNF:10
FNH:0
FNDA:0,(anonymous_0)
FNDA:0,(anonymous_1)
FNDA:0,(anonymous_2)
FNDA:0,getDayForecast
FNDA:0,(anonymous_4)
FNDA:0,(anonymous_5)
FNDA:0,createChartFromHours
FNDA:0,(anonymous_7)
FNDA:0,createDayData
FNDA:0,(anonymous_9)
DA:1,0
DA:2,0
DA:4,0
DA:15,0
DA:18,0
DA:25,0
DA:27,0
DA:34,0
DA:41,0
DA:43,0
LF:10
LH:0
BRF:0
BRH:0
end_of_record
TN:
SF:/Users/jeffersonmourak/projects/farmersedge/Questions/7-weatherApp/src/Helpers/icon.helper.js
FN:36,(anonymous_0)
FN:37,(anonymous_1)
FNF:2
FNH:0
FNDA:0,(anonymous_0)
FNDA:0,(anonymous_1)
DA:1,0
DA:16,0
DA:31,0
DA:36,0
DA:37,0
LF:5
LH:0
BRDA:36,0,0,0
BRF:1
BRH:0
end_of_record
TN:
SF:/Users/jeffersonmourak/projects/farmersedge/Questions/7-weatherApp/src/Helpers/page.helper.js
FN:5,createPage
FN:6,(anonymous_1)
FNF:2
FNH:0
FNDA:0,createPage
FNDA:0,(anonymous_1)
DA:1,0
DA:2,0
DA:6,0
DA:7,0
LF:4
LH:0
BRDA:5,0,0,0
BRDA:5,1,0,0
BRF:2
BRH:0
end_of_record
TN:
SF:/Users/jeffersonmourak/projects/farmersedge/Questions/7-weatherApp/src/Helpers/weather.helper.js
FN:3,(anonymous_0)
FNF:1
FNH:0
FNDA:0,(anonymous_0)
DA:1,0
DA:3,0
LF:2
LH:0
BRF:0
BRH:0
end_of_record
TN:
SF:/Users/jeffersonmourak/projects/farmersedge/Questions/7-weatherApp/src/Pages/Home.page.js
FN:8,(anonymous_0)
FN:12,(anonymous_1)
FN:17,(anonymous_2)
FNF:3
FNH:0
FNDA:0,(anonymous_0)
FNDA:0,(anonymous_1)
FNDA:0,(anonymous_2)
DA:1,0
DA:2,0
DA:3,0
DA:4,0
DA:9,0
DA:13,0
DA:17,0
LF:7
LH:0
BRF:0
BRH:0
end_of_record
TN:
SF:/Users/jeffersonmourak/projects/farmersedge/Questions/7-weatherApp/src/Pages/Weather.page.js
FN:14,(anonymous_0)
FN:32,(anonymous_1)
FN:39,(anonymous_2)
FN:45,(anonymous_3)
FNF:4
FNH:0
FNDA:0,(anonymous_0)
FNDA:0,(anonymous_1)
FNDA:0,(anonymous_2)
FNDA:0,(anonymous_3)
DA:1,0
DA:2,0
DA:4,0
DA:5,0
DA:6,0
DA:8,0
DA:9,0
DA:10,0
DA:15,0
DA:17,0
DA:18,0
DA:20,0
DA:26,0
DA:27,0
DA:33,0
DA:34,0
DA:35,0
DA:40,0
DA:42,0
DA:46,0
DA:47,0
DA:48,0
DA:49,0
DA:55,0
LF:24
LH:0
BRDA:26,0,0,0
BRDA:26,0,1,0
BRDA:33,1,0,0
BRDA:33,1,1,0
BRDA:46,2,0,0
BRDA:46,2,1,0
BRDA:48,3,0,0
BRDA:48,3,1,0
BRF:8
BRH:0
end_of_record
TN:
SF:/Users/jeffersonmourak/projects/farmersedge/Questions/7-weatherApp/src/Reducers/SearchCity.reducer.js
FNF:0
FNH:0
DA:1,0
DA:3,0
DA:10,0
DA:12,0
DA:19,0
DA:22,0
DA:28,0
DA:35,0
LF:8
LH:0
BRDA:9,0,0,0
BRDA:11,1,0,0
BRDA:11,1,1,0
BRDA:11,1,2,0
BRDA:11,1,3,0
BRDA:11,1,4,0
BRF:6
BRH:0
end_of_record
TN:
SF:/Users/jeffersonmourak/projects/farmersedge/Questions/7-weatherApp/src/Reducers/Weather.reducer.js
FNF:0
FNH:0
DA:1,0
DA:3,0
DA:11,0
DA:13,0
DA:20,0
DA:26,0
DA:28,0
LF:7
LH:0
BRDA:10,0,0,0
BRDA:12,1,0,0
BRDA:12,1,1,0
BRDA:12,1,2,0
BRDA:12,1,3,0
BRF:5
BRH:0
end_of_record
TN:
SF:/Users/jeffersonmourak/projects/farmersedge/Questions/7-weatherApp/src/Reducers/index.js
FNF:0
FNH:0
DA:1,0
DA:3,0
DA:4,0
DA:6,0
LF:4
LH:0
BRF:0
BRH:0
end_of_record
